<?xml version="1.0"?>
<item name="Root Item">
	<item name="Item 1">
		<item name="Item 11">
			<item name="Item 111">
			</item>
			<item name="Item 112">
			</item>
		</item>
		<item name="Item 12">
		</item>
		<item name="Item 13">
		</item>
	</item>
	<item name="Item 2">
		<item name="Item 21">
		</item>
	</item>
	<item name="Item 3">
		<item name="Item 31">
			<item name="Item 311">
			</item>
		</item>
	</item>
</item>
